2025-01-07T17:50:10.369+02:00  INFO 9580 --- [data-jpa-books-project] [main] c.g.book.DataJpaBooksProjectApplication  : Starting DataJpaBooksProjectApplication using Java 17.0.10 with PID 9580 (E:\Spring github\Springboot\data-jpa-books-project\target\classes started by ahmed in E:\Spring github\Springboot\data-jpa-books-project)
2025-01-07T17:50:10.383+02:00  INFO 9580 --- [data-jpa-books-project] [main] c.g.book.DataJpaBooksProjectApplication  : No active profile set, falling back to 1 default profile: "default"
2025-01-07T17:50:12.398+02:00  INFO 9580 --- [data-jpa-books-project] [main] .s.d.r.c.RepositoryConfigurationDelegate : Bootstrapping Spring Data JPA repositories in DEFAULT mode.
2025-01-07T17:50:12.518+02:00  INFO 9580 --- [data-jpa-books-project] [main] .s.d.r.c.RepositoryConfigurationDelegate : Finished Spring Data repository scanning in 101 ms. Found 2 JPA repository interfaces.
2025-01-07T17:50:14.186+02:00  INFO 9580 --- [data-jpa-books-project] [main] o.s.b.w.embedded.tomcat.TomcatWebServer  : Tomcat initialized with port 8080 (http)
2025-01-07T17:50:14.214+02:00  INFO 9580 --- [data-jpa-books-project] [main] o.apache.catalina.core.StandardService   : Starting service [Tomcat]
2025-01-07T17:50:14.214+02:00  INFO 9580 --- [data-jpa-books-project] [main] o.apache.catalina.core.StandardEngine    : Starting Servlet engine: [Apache Tomcat/10.1.34]
2025-01-07T17:50:14.377+02:00  INFO 9580 --- [data-jpa-books-project] [main] o.a.c.c.C.[Tomcat].[localhost].[/]       : Initializing Spring embedded WebApplicationContext
2025-01-07T17:50:14.378+02:00  INFO 9580 --- [data-jpa-books-project] [main] w.s.c.ServletWebServerApplicationContext : Root WebApplicationContext: initialization completed in 3861 ms
2025-01-07T17:50:15.015+02:00  INFO 9580 --- [data-jpa-books-project] [main] o.hibernate.jpa.internal.util.LogHelper  : HHH000204: Processing PersistenceUnitInfo [name: default]
2025-01-07T17:50:15.150+02:00  INFO 9580 --- [data-jpa-books-project] [main] org.hibernate.Version                    : HHH000412: Hibernate ORM core version 6.6.4.Final
2025-01-07T17:50:15.231+02:00  INFO 9580 --- [data-jpa-books-project] [main] o.h.c.internal.RegionFactoryInitiator    : HHH000026: Second-level cache disabled
2025-01-07T17:50:15.745+02:00  INFO 9580 --- [data-jpa-books-project] [main] o.s.o.j.p.SpringPersistenceUnitInfo      : No LoadTimeWeaver setup: ignoring JPA class transformer
2025-01-07T17:50:15.809+02:00  INFO 9580 --- [data-jpa-books-project] [main] com.zaxxer.hikari.HikariDataSource       : HikariPool-1 - Starting...
2025-01-07T17:50:16.403+02:00  INFO 9580 --- [data-jpa-books-project] [main] com.zaxxer.hikari.pool.HikariPool        : HikariPool-1 - Added connection com.mysql.cj.jdbc.ConnectionImpl@7ee3a2ed
2025-01-07T17:50:16.407+02:00  INFO 9580 --- [data-jpa-books-project] [main] com.zaxxer.hikari.HikariDataSource       : HikariPool-1 - Start completed.
2025-01-07T17:50:16.546+02:00  WARN 9580 --- [data-jpa-books-project] [main] org.hibernate.orm.deprecation            : HHH90000025: MySQL8Dialect does not need to be specified explicitly using 'hibernate.dialect' (remove the property setting and it will be selected by default)
2025-01-07T17:50:16.549+02:00  WARN 9580 --- [data-jpa-books-project] [main] org.hibernate.orm.deprecation            : HHH90000026: MySQL8Dialect has been deprecated; use org.hibernate.dialect.MySQLDialect instead
2025-01-07T17:50:16.592+02:00  INFO 9580 --- [data-jpa-books-project] [main] org.hibernate.orm.connections.pooling    : HHH10001005: Database info:
	Database JDBC URL [Connecting through datasource 'HikariDataSource (HikariPool-1)']
	Database driver: undefined/unknown
	Database version: 8.0
	Autocommit mode: undefined/unknown
	Isolation level: undefined/unknown
	Minimum pool size: undefined/unknown
	Maximum pool size: undefined/unknown
2025-01-07T17:50:18.193+02:00  INFO 9580 --- [data-jpa-books-project] [main] o.h.e.t.j.p.i.JtaPlatformInitiator       : HHH000489: No JTA platform available (set 'hibernate.transaction.jta.platform' to enable JTA platform integration)
2025-01-07T17:50:18.362+02:00  INFO 9580 --- [data-jpa-books-project] [main] j.LocalContainerEntityManagerFactoryBean : Initialized JPA EntityManagerFactory for persistence unit 'default'
2025-01-07T17:50:19.044+02:00  INFO 9580 --- [data-jpa-books-project] [main] o.s.d.j.r.query.QueryEnhancerFactory     : Hibernate is in classpath; If applicable, HQL parser will be used.
2025-01-07T17:50:20.375+02:00  WARN 9580 --- [data-jpa-books-project] [main] JpaBaseConfiguration$JpaWebConfiguration : spring.jpa.open-in-view is enabled by default. Therefore, database queries may be performed during view rendering. Explicitly configure spring.jpa.open-in-view to disable this warning
2025-01-07T17:50:22.142+02:00  INFO 9580 --- [data-jpa-books-project] [main] o.s.b.a.e.web.EndpointLinksResolver      : Exposing 15 endpoints beneath base path '/actuator'
2025-01-07T17:50:22.336+02:00  INFO 9580 --- [data-jpa-books-project] [main] o.s.b.w.embedded.tomcat.TomcatWebServer  : Tomcat started on port 8080 (http) with context path '/'
2025-01-07T17:50:22.374+02:00  INFO 9580 --- [data-jpa-books-project] [main] c.g.book.DataJpaBooksProjectApplication  : Started DataJpaBooksProjectApplication in 12.858 seconds (process running for 13.752)
2025-01-07T17:50:22.493+02:00  INFO 9580 --- [data-jpa-books-project] [main] com.global.book.aspect.LogTimeAspect     : Method Name =====>> findAll
2025-01-07T17:50:22.499+02:00  INFO 9580 --- [data-jpa-books-project] [main] com.global.book.aspect.LogTimeAspect     : Method Name =====>> findAll
2025-01-07T17:50:22.646+02:00 DEBUG 9580 --- [data-jpa-books-project] [main] org.hibernate.SQL                        : 
    select
        a1_0.id,
        a1_0.created_by,
        a1_0.created_date,
        a1_0.email,
        a1_0.ip_address,
        a1_0.last_modified_by,
        a1_0.last_modified_date,
        a1_0.name,
        a1_0.path_image,
        a1_0.status_code 
    from
        authors a1_0
2025-01-07T17:50:22.728+02:00  INFO 9580 --- [data-jpa-books-project] [main] com.global.book.aspect.LogTimeAspect     : Method Name =====>> findAll
2025-01-07T17:50:22.734+02:00 DEBUG 9580 --- [data-jpa-books-project] [main] org.hibernate.SQL                        : 
    select
        b1_0.id,
        b1_0.author_id,
        b1_0.book_icon,
        b1_0.created_by,
        b1_0.created_date,
        b1_0.last_modified_by,
        b1_0.last_modified_date,
        b1_0.name,
        b1_0.price,
        b1_0.status_code 
    from
        books b1_0
2025-01-07T18:20:59.068+02:00  INFO 4132 --- [data-jpa-books-project] [main] c.g.book.DataJpaBooksProjectApplication  : Starting DataJpaBooksProjectApplication using Java 17.0.10 with PID 4132 (E:\Spring github\Springboot\data-jpa-books-project\target\classes started by ahmed in E:\Spring github\Springboot\data-jpa-books-project)
2025-01-07T18:20:59.074+02:00  INFO 4132 --- [data-jpa-books-project] [main] c.g.book.DataJpaBooksProjectApplication  : No active profile set, falling back to 1 default profile: "default"
2025-01-07T18:21:02.152+02:00  INFO 4132 --- [data-jpa-books-project] [main] .s.d.r.c.RepositoryConfigurationDelegate : Bootstrapping Spring Data JPA repositories in DEFAULT mode.
2025-01-07T18:21:02.344+02:00  INFO 4132 --- [data-jpa-books-project] [main] .s.d.r.c.RepositoryConfigurationDelegate : Finished Spring Data repository scanning in 169 ms. Found 2 JPA repository interfaces.
2025-01-07T18:21:05.665+02:00  INFO 4132 --- [data-jpa-books-project] [main] o.s.b.w.embedded.tomcat.TomcatWebServer  : Tomcat initialized with port 8080 (http)
2025-01-07T18:21:05.743+02:00  INFO 4132 --- [data-jpa-books-project] [main] o.apache.catalina.core.StandardService   : Starting service [Tomcat]
2025-01-07T18:21:05.744+02:00  INFO 4132 --- [data-jpa-books-project] [main] o.apache.catalina.core.StandardEngine    : Starting Servlet engine: [Apache Tomcat/10.1.34]
2025-01-07T18:21:06.355+02:00  INFO 4132 --- [data-jpa-books-project] [main] o.a.c.c.C.[Tomcat].[localhost].[/]       : Initializing Spring embedded WebApplicationContext
2025-01-07T18:21:06.357+02:00  INFO 4132 --- [data-jpa-books-project] [main] w.s.c.ServletWebServerApplicationContext : Root WebApplicationContext: initialization completed in 7159 ms
2025-01-07T18:21:08.086+02:00  INFO 4132 --- [data-jpa-books-project] [main] o.hibernate.jpa.internal.util.LogHelper  : HHH000204: Processing PersistenceUnitInfo [name: default]
2025-01-07T18:21:08.341+02:00  INFO 4132 --- [data-jpa-books-project] [main] org.hibernate.Version                    : HHH000412: Hibernate ORM core version 6.6.4.Final
2025-01-07T18:21:08.451+02:00  INFO 4132 --- [data-jpa-books-project] [main] o.h.c.internal.RegionFactoryInitiator    : HHH000026: Second-level cache disabled
2025-01-07T18:21:09.593+02:00  INFO 4132 --- [data-jpa-books-project] [main] o.s.o.j.p.SpringPersistenceUnitInfo      : No LoadTimeWeaver setup: ignoring JPA class transformer
2025-01-07T18:21:09.773+02:00  INFO 4132 --- [data-jpa-books-project] [main] com.zaxxer.hikari.HikariDataSource       : HikariPool-1 - Starting...
2025-01-07T18:21:11.638+02:00  INFO 4132 --- [data-jpa-books-project] [main] com.zaxxer.hikari.pool.HikariPool        : HikariPool-1 - Added connection com.mysql.cj.jdbc.ConnectionImpl@27575bcd
2025-01-07T18:21:11.642+02:00  INFO 4132 --- [data-jpa-books-project] [main] com.zaxxer.hikari.HikariDataSource       : HikariPool-1 - Start completed.
2025-01-07T18:21:11.899+02:00  WARN 4132 --- [data-jpa-books-project] [main] org.hibernate.orm.deprecation            : HHH90000025: MySQL8Dialect does not need to be specified explicitly using 'hibernate.dialect' (remove the property setting and it will be selected by default)
2025-01-07T18:21:11.906+02:00  WARN 4132 --- [data-jpa-books-project] [main] org.hibernate.orm.deprecation            : HHH90000026: MySQL8Dialect has been deprecated; use org.hibernate.dialect.MySQLDialect instead
2025-01-07T18:21:12.334+02:00  INFO 4132 --- [data-jpa-books-project] [main] org.hibernate.orm.connections.pooling    : HHH10001005: Database info:
	Database JDBC URL [Connecting through datasource 'HikariDataSource (HikariPool-1)']
	Database driver: undefined/unknown
	Database version: 8.0
	Autocommit mode: undefined/unknown
	Isolation level: undefined/unknown
	Minimum pool size: undefined/unknown
	Maximum pool size: undefined/unknown
2025-01-07T18:21:15.872+02:00  INFO 4132 --- [data-jpa-books-project] [main] o.h.e.t.j.p.i.JtaPlatformInitiator       : HHH000489: No JTA platform available (set 'hibernate.transaction.jta.platform' to enable JTA platform integration)
2025-01-07T18:21:16.060+02:00  INFO 4132 --- [data-jpa-books-project] [main] j.LocalContainerEntityManagerFactoryBean : Initialized JPA EntityManagerFactory for persistence unit 'default'
2025-01-07T18:21:17.633+02:00  INFO 4132 --- [data-jpa-books-project] [main] o.s.d.j.r.query.QueryEnhancerFactory     : Hibernate is in classpath; If applicable, HQL parser will be used.
2025-01-07T18:21:20.664+02:00  WARN 4132 --- [data-jpa-books-project] [main] JpaBaseConfiguration$JpaWebConfiguration : spring.jpa.open-in-view is enabled by default. Therefore, database queries may be performed during view rendering. Explicitly configure spring.jpa.open-in-view to disable this warning
2025-01-07T18:21:22.818+02:00  INFO 4132 --- [data-jpa-books-project] [main] o.s.b.a.e.web.EndpointLinksResolver      : Exposing 15 endpoints beneath base path '/actuator'
2025-01-07T18:21:23.057+02:00  INFO 4132 --- [data-jpa-books-project] [main] o.s.b.w.embedded.tomcat.TomcatWebServer  : Tomcat started on port 8080 (http) with context path '/'
2025-01-07T18:21:23.106+02:00  INFO 4132 --- [data-jpa-books-project] [main] c.g.book.DataJpaBooksProjectApplication  : Started DataJpaBooksProjectApplication in 24.983 seconds (process running for 26.177)
2025-01-07T18:21:23.217+02:00  INFO 4132 --- [data-jpa-books-project] [main] com.global.book.aspect.LogTimeAspect     : Method Name =====>> findAll
2025-01-07T18:21:23.224+02:00  INFO 4132 --- [data-jpa-books-project] [main] com.global.book.aspect.LogTimeAspect     : Method Name =====>> findAll
2025-01-07T18:21:23.364+02:00 DEBUG 4132 --- [data-jpa-books-project] [main] org.hibernate.SQL                        : 
    select
        a1_0.id,
        a1_0.created_by,
        a1_0.created_date,
        a1_0.email,
        a1_0.ip_address,
        a1_0.last_modified_by,
        a1_0.last_modified_date,
        a1_0.name,
        a1_0.path_image,
        a1_0.status_code 
    from
        authors a1_0
2025-01-07T18:21:23.429+02:00  INFO 4132 --- [data-jpa-books-project] [main] com.global.book.aspect.LogTimeAspect     : Method Name =====>> findAll
2025-01-07T18:21:23.434+02:00 DEBUG 4132 --- [data-jpa-books-project] [main] org.hibernate.SQL                        : 
    select
        b1_0.id,
        b1_0.author_id,
        b1_0.book_icon,
        b1_0.created_by,
        b1_0.created_date,
        b1_0.last_modified_by,
        b1_0.last_modified_date,
        b1_0.name,
        b1_0.price,
        b1_0.status_code 
    from
        books b1_0
2025-01-07T18:21:31.863+02:00  INFO 4132 --- [data-jpa-books-project] [http-nio-8080-exec-2] o.a.c.c.C.[Tomcat].[localhost].[/]       : Initializing Spring DispatcherServlet 'dispatcherServlet'
2025-01-07T18:21:31.865+02:00  INFO 4132 --- [data-jpa-books-project] [http-nio-8080-exec-2] o.s.web.servlet.DispatcherServlet        : Initializing Servlet 'dispatcherServlet'
2025-01-07T18:21:31.869+02:00  INFO 4132 --- [data-jpa-books-project] [http-nio-8080-exec-2] o.s.web.servlet.DispatcherServlet        : Completed initialization in 3 ms
2025-01-07T18:21:31.985+02:00  INFO 4132 --- [data-jpa-books-project] [http-nio-8080-exec-2] com.global.book.aspect.LogTimeAspect     : Method Name =====>> findById
2025-01-07T18:21:31.985+02:00  INFO 4132 --- [data-jpa-books-project] [http-nio-8080-exec-2] com.global.book.aspect.LogTimeAspect     : Args =====>> 1
2025-01-07T18:21:31.986+02:00  INFO 4132 --- [data-jpa-books-project] [http-nio-8080-exec-2] com.global.book.aspect.LogTimeAspect     : Method Name =====>> findById
2025-01-07T18:21:31.987+02:00  INFO 4132 --- [data-jpa-books-project] [http-nio-8080-exec-2] com.global.book.aspect.LogTimeAspect     : Args =====>> 1
2025-01-07T18:21:32.051+02:00 DEBUG 4132 --- [data-jpa-books-project] [http-nio-8080-exec-2] org.hibernate.SQL                        : 
    select
        b1_0.id,
        a1_0.id,
        a1_0.created_by,
        a1_0.created_date,
        a1_0.email,
        a1_0.ip_address,
        a1_0.last_modified_by,
        a1_0.last_modified_date,
        a1_0.name,
        a1_0.path_image,
        a1_0.status_code,
        b1_0.book_icon,
        b1_0.created_by,
        b1_0.created_date,
        b1_0.last_modified_by,
        b1_0.last_modified_date,
        b1_0.name,
        b1_0.price,
        b1_0.status_code 
    from
        books b1_0 
    left join
        authors a1_0 
            on a1_0.id=b1_0.author_id 
    where
        b1_0.id=?
2025-01-07T18:21:32.065+02:00  INFO 4132 --- [data-jpa-books-project] [http-nio-8080-exec-2] com.global.book.aspect.LogTimeAspect     : Method Name =====>> findById
2025-01-07T18:21:32.066+02:00  INFO 4132 --- [data-jpa-books-project] [http-nio-8080-exec-2] com.global.book.aspect.LogTimeAspect     : Args =====>> 1
2025-01-07T18:22:12.734+02:00  INFO 4132 --- [data-jpa-books-project] [http-nio-8080-exec-3] com.global.book.aspect.LogTimeAspect     : Method Name =====>> findById
2025-01-07T18:22:12.735+02:00  INFO 4132 --- [data-jpa-books-project] [http-nio-8080-exec-3] com.global.book.aspect.LogTimeAspect     : Args =====>> 10
2025-01-07T18:22:12.757+02:00  INFO 4132 --- [data-jpa-books-project] [http-nio-8080-exec-3] com.global.book.aspect.LogTimeAspect     : Method Name =====>> findById
2025-01-07T18:22:12.758+02:00  INFO 4132 --- [data-jpa-books-project] [http-nio-8080-exec-3] com.global.book.aspect.LogTimeAspect     : Args =====>> 10
2025-01-07T18:22:12.762+02:00  INFO 4132 --- [data-jpa-books-project] [http-nio-8080-exec-3] com.global.book.aspect.LogTimeAspect     : Method Name =====>> findById
2025-01-07T18:22:12.762+02:00  INFO 4132 --- [data-jpa-books-project] [http-nio-8080-exec-3] com.global.book.aspect.LogTimeAspect     : Args =====>> 10
2025-01-07T18:22:12.765+02:00 DEBUG 4132 --- [data-jpa-books-project] [http-nio-8080-exec-3] org.hibernate.SQL                        : 
    select
        a1_0.id,
        a1_0.created_by,
        a1_0.created_date,
        a1_0.email,
        a1_0.ip_address,
        a1_0.last_modified_by,
        a1_0.last_modified_date,
        a1_0.name,
        a1_0.path_image,
        a1_0.status_code 
    from
        authors a1_0 
    where
        a1_0.id=?
2025-01-07T18:22:20.519+02:00  INFO 4132 --- [data-jpa-books-project] [http-nio-8080-exec-4] com.global.book.aspect.LogTimeAspect     : Method Name =====>> findById
2025-01-07T18:22:20.519+02:00  INFO 4132 --- [data-jpa-books-project] [http-nio-8080-exec-4] com.global.book.aspect.LogTimeAspect     : Args =====>> 1
2025-01-07T18:22:20.520+02:00  INFO 4132 --- [data-jpa-books-project] [http-nio-8080-exec-4] com.global.book.aspect.LogTimeAspect     : Method Name =====>> findById
2025-01-07T18:22:20.521+02:00  INFO 4132 --- [data-jpa-books-project] [http-nio-8080-exec-4] com.global.book.aspect.LogTimeAspect     : Args =====>> 1
2025-01-07T18:22:20.521+02:00  INFO 4132 --- [data-jpa-books-project] [http-nio-8080-exec-4] com.global.book.aspect.LogTimeAspect     : Method Name =====>> findById
2025-01-07T18:22:20.521+02:00  INFO 4132 --- [data-jpa-books-project] [http-nio-8080-exec-4] com.global.book.aspect.LogTimeAspect     : Args =====>> 1
2025-01-07T18:22:20.526+02:00 DEBUG 4132 --- [data-jpa-books-project] [http-nio-8080-exec-4] org.hibernate.SQL                        : 
    select
        a1_0.id,
        a1_0.created_by,
        a1_0.created_date,
        a1_0.email,
        a1_0.ip_address,
        a1_0.last_modified_by,
        a1_0.last_modified_date,
        a1_0.name,
        a1_0.path_image,
        a1_0.status_code 
    from
        authors a1_0 
    where
        a1_0.id=?
2025-01-07T18:22:20.532+02:00  INFO 4132 --- [data-jpa-books-project] [http-nio-8080-exec-4] com.global.book.aspect.LogTimeAspect     : Method Name =====>> findById
2025-01-07T18:22:20.532+02:00  INFO 4132 --- [data-jpa-books-project] [http-nio-8080-exec-4] com.global.book.aspect.LogTimeAspect     : Args =====>> 1
2025-01-07T18:45:32.145+02:00  INFO 7548 --- [data-jpa-books-project] [main] c.g.book.DataJpaBooksProjectApplication  : Starting DataJpaBooksProjectApplication using Java 17.0.10 with PID 7548 (E:\Spring github\Springboot\data-jpa-books-project\target\classes started by ahmed in E:\Spring github\Springboot\data-jpa-books-project)
2025-01-07T18:45:32.150+02:00  INFO 7548 --- [data-jpa-books-project] [main] c.g.book.DataJpaBooksProjectApplication  : No active profile set, falling back to 1 default profile: "default"
2025-01-07T18:45:34.101+02:00  INFO 7548 --- [data-jpa-books-project] [main] .s.d.r.c.RepositoryConfigurationDelegate : Bootstrapping Spring Data JPA repositories in DEFAULT mode.
2025-01-07T18:45:34.230+02:00  INFO 7548 --- [data-jpa-books-project] [main] .s.d.r.c.RepositoryConfigurationDelegate : Finished Spring Data repository scanning in 107 ms. Found 2 JPA repository interfaces.
2025-01-07T18:45:35.790+02:00  INFO 7548 --- [data-jpa-books-project] [main] o.s.b.w.embedded.tomcat.TomcatWebServer  : Tomcat initialized with port 8080 (http)
2025-01-07T18:45:35.814+02:00  INFO 7548 --- [data-jpa-books-project] [main] o.apache.catalina.core.StandardService   : Starting service [Tomcat]
2025-01-07T18:45:35.815+02:00  INFO 7548 --- [data-jpa-books-project] [main] o.apache.catalina.core.StandardEngine    : Starting Servlet engine: [Apache Tomcat/10.1.34]
2025-01-07T18:45:35.966+02:00  INFO 7548 --- [data-jpa-books-project] [main] o.a.c.c.C.[Tomcat].[localhost].[/]       : Initializing Spring embedded WebApplicationContext
2025-01-07T18:45:35.967+02:00  INFO 7548 --- [data-jpa-books-project] [main] w.s.c.ServletWebServerApplicationContext : Root WebApplicationContext: initialization completed in 3716 ms
2025-01-07T18:45:36.552+02:00  INFO 7548 --- [data-jpa-books-project] [main] o.hibernate.jpa.internal.util.LogHelper  : HHH000204: Processing PersistenceUnitInfo [name: default]
2025-01-07T18:45:36.656+02:00  INFO 7548 --- [data-jpa-books-project] [main] org.hibernate.Version                    : HHH000412: Hibernate ORM core version 6.6.4.Final
2025-01-07T18:45:36.723+02:00  INFO 7548 --- [data-jpa-books-project] [main] o.h.c.internal.RegionFactoryInitiator    : HHH000026: Second-level cache disabled
2025-01-07T18:45:37.146+02:00  INFO 7548 --- [data-jpa-books-project] [main] o.s.o.j.p.SpringPersistenceUnitInfo      : No LoadTimeWeaver setup: ignoring JPA class transformer
2025-01-07T18:45:37.209+02:00  INFO 7548 --- [data-jpa-books-project] [main] com.zaxxer.hikari.HikariDataSource       : HikariPool-1 - Starting...
2025-01-07T18:45:37.822+02:00  INFO 7548 --- [data-jpa-books-project] [main] com.zaxxer.hikari.pool.HikariPool        : HikariPool-1 - Added connection com.mysql.cj.jdbc.ConnectionImpl@27575bcd
2025-01-07T18:45:37.826+02:00  INFO 7548 --- [data-jpa-books-project] [main] com.zaxxer.hikari.HikariDataSource       : HikariPool-1 - Start completed.
2025-01-07T18:45:37.952+02:00  WARN 7548 --- [data-jpa-books-project] [main] org.hibernate.orm.deprecation            : HHH90000025: MySQL8Dialect does not need to be specified explicitly using 'hibernate.dialect' (remove the property setting and it will be selected by default)
2025-01-07T18:45:37.955+02:00  WARN 7548 --- [data-jpa-books-project] [main] org.hibernate.orm.deprecation            : HHH90000026: MySQL8Dialect has been deprecated; use org.hibernate.dialect.MySQLDialect instead
2025-01-07T18:45:38.006+02:00  INFO 7548 --- [data-jpa-books-project] [main] org.hibernate.orm.connections.pooling    : HHH10001005: Database info:
	Database JDBC URL [Connecting through datasource 'HikariDataSource (HikariPool-1)']
	Database driver: undefined/unknown
	Database version: 8.0
	Autocommit mode: undefined/unknown
	Isolation level: undefined/unknown
	Minimum pool size: undefined/unknown
	Maximum pool size: undefined/unknown
2025-01-07T18:45:39.675+02:00  INFO 7548 --- [data-jpa-books-project] [main] o.h.e.t.j.p.i.JtaPlatformInitiator       : HHH000489: No JTA platform available (set 'hibernate.transaction.jta.platform' to enable JTA platform integration)
2025-01-07T18:45:39.841+02:00  INFO 7548 --- [data-jpa-books-project] [main] j.LocalContainerEntityManagerFactoryBean : Initialized JPA EntityManagerFactory for persistence unit 'default'
2025-01-07T18:45:40.960+02:00  INFO 7548 --- [data-jpa-books-project] [main] o.s.d.j.r.query.QueryEnhancerFactory     : Hibernate is in classpath; If applicable, HQL parser will be used.
2025-01-07T18:45:42.279+02:00  WARN 7548 --- [data-jpa-books-project] [main] JpaBaseConfiguration$JpaWebConfiguration : spring.jpa.open-in-view is enabled by default. Therefore, database queries may be performed during view rendering. Explicitly configure spring.jpa.open-in-view to disable this warning
